  Main.c
C:\Users\Alan_\OneDrive\Desktop\ALL\projects\3D-Graphic-Programming\3D_Programming\Main.c(19,23): warning C4305: 'initializing': truncation from 'double' to 'float'
C:\Users\Alan_\OneDrive\Desktop\ALL\projects\3D-Graphic-Programming\3D_Programming\Main.c(36,28): warning C4305: 'initializing': truncation from 'double' to 'float'
C:\Users\Alan_\OneDrive\Desktop\ALL\projects\3D-Graphic-Programming\3D_Programming\Main.c(37,51): warning C4244: 'initializing': conversion from 'double' to 'float', possible loss of data
C:\Users\Alan_\OneDrive\Desktop\ALL\projects\3D-Graphic-Programming\3D_Programming\Main.c(38,19): warning C4305: 'initializing': truncation from 'double' to 'float'
C:\Users\Alan_\OneDrive\Desktop\ALL\projects\3D-Graphic-Programming\3D_Programming\Main.c(98,42): warning C4244: 'function': conversion from 'double' to 'float', possible loss of data
C:\Users\Alan_\OneDrive\Desktop\ALL\projects\3D-Graphic-Programming\3D_Programming\Main.c(102,42): warning C4244: 'function': conversion from 'double' to 'float', possible loss of data
C:\Users\Alan_\OneDrive\Desktop\ALL\projects\3D-Graphic-Programming\3D_Programming\Main.c(106,40): warning C4244: 'function': conversion from 'double' to 'float', possible loss of data
C:\Users\Alan_\OneDrive\Desktop\ALL\projects\3D-Graphic-Programming\3D_Programming\Main.c(110,40): warning C4244: 'function': conversion from 'double' to 'float', possible loss of data
C:\Users\Alan_\OneDrive\Desktop\ALL\projects\3D-Graphic-Programming\3D_Programming\Main.c(114,86): warning C4244: 'function': conversion from 'double' to 'float', possible loss of data
C:\Users\Alan_\OneDrive\Desktop\ALL\projects\3D-Graphic-Programming\3D_Programming\Main.c(119,86): warning C4244: 'function': conversion from 'double' to 'float', possible loss of data
C:\Users\Alan_\OneDrive\Desktop\ALL\projects\3D-Graphic-Programming\3D_Programming\Main.c(249,42): warning C4244: '+=': conversion from 'double' to 'float', possible loss of data
C:\Users\Alan_\OneDrive\Desktop\ALL\projects\3D-Graphic-Programming\3D_Programming\Main.c(250,42): warning C4244: '+=': conversion from 'double' to 'float', possible loss of data
C:\Users\Alan_\OneDrive\Desktop\ALL\projects\3D-Graphic-Programming\3D_Programming\Main.c(288,57): warning C4244: '=': conversion from 'double' to 'float', possible loss of data
C:\Users\Alan_\OneDrive\Desktop\ALL\projects\3D-Graphic-Programming\3D_Programming\Main.c(319,35): warning C4244: 'function': conversion from 'float' to 'int', possible loss of data
C:\Users\Alan_\OneDrive\Desktop\ALL\projects\3D-Graphic-Programming\3D_Programming\Main.c(319,57): warning C4244: 'function': conversion from 'float' to 'int', possible loss of data
C:\Users\Alan_\OneDrive\Desktop\ALL\projects\3D-Graphic-Programming\3D_Programming\Main.c(320,35): warning C4244: 'function': conversion from 'float' to 'int', possible loss of data
C:\Users\Alan_\OneDrive\Desktop\ALL\projects\3D-Graphic-Programming\3D_Programming\Main.c(320,57): warning C4244: 'function': conversion from 'float' to 'int', possible loss of data
C:\Users\Alan_\OneDrive\Desktop\ALL\projects\3D-Graphic-Programming\3D_Programming\Main.c(321,35): warning C4244: 'function': conversion from 'float' to 'int', possible loss of data
C:\Users\Alan_\OneDrive\Desktop\ALL\projects\3D-Graphic-Programming\3D_Programming\Main.c(321,57): warning C4244: 'function': conversion from 'float' to 'int', possible loss of data
C:\Users\Alan_\OneDrive\Desktop\ALL\projects\3D-Graphic-Programming\3D_Programming\Main.c(329,35): warning C4244: 'function': conversion from 'float' to 'int', possible loss of data
C:\Users\Alan_\OneDrive\Desktop\ALL\projects\3D-Graphic-Programming\3D_Programming\Main.c(329,57): warning C4244: 'function': conversion from 'float' to 'int', possible loss of data
C:\Users\Alan_\OneDrive\Desktop\ALL\projects\3D-Graphic-Programming\3D_Programming\Main.c(330,35): warning C4244: 'function': conversion from 'float' to 'int', possible loss of data
C:\Users\Alan_\OneDrive\Desktop\ALL\projects\3D-Graphic-Programming\3D_Programming\Main.c(330,57): warning C4244: 'function': conversion from 'float' to 'int', possible loss of data
C:\Users\Alan_\OneDrive\Desktop\ALL\projects\3D-Graphic-Programming\3D_Programming\Main.c(331,35): warning C4244: 'function': conversion from 'float' to 'int', possible loss of data
C:\Users\Alan_\OneDrive\Desktop\ALL\projects\3D-Graphic-Programming\3D_Programming\Main.c(331,57): warning C4244: 'function': conversion from 'float' to 'int', possible loss of data
C:\Users\Alan_\OneDrive\Desktop\ALL\projects\3D-Graphic-Programming\3D_Programming\Main.c(338,35): warning C4244: 'function': conversion from 'float' to 'int', possible loss of data
C:\Users\Alan_\OneDrive\Desktop\ALL\projects\3D-Graphic-Programming\3D_Programming\Main.c(338,57): warning C4244: 'function': conversion from 'float' to 'int', possible loss of data
C:\Users\Alan_\OneDrive\Desktop\ALL\projects\3D-Graphic-Programming\3D_Programming\Main.c(339,35): warning C4244: 'function': conversion from 'float' to 'int', possible loss of data
C:\Users\Alan_\OneDrive\Desktop\ALL\projects\3D-Graphic-Programming\3D_Programming\Main.c(339,57): warning C4244: 'function': conversion from 'float' to 'int', possible loss of data
C:\Users\Alan_\OneDrive\Desktop\ALL\projects\3D-Graphic-Programming\3D_Programming\Main.c(340,35): warning C4244: 'function': conversion from 'float' to 'int', possible loss of data
C:\Users\Alan_\OneDrive\Desktop\ALL\projects\3D-Graphic-Programming\3D_Programming\Main.c(340,57): warning C4244: 'function': conversion from 'float' to 'int', possible loss of data
C:\Users\Alan_\OneDrive\Desktop\ALL\projects\3D-Graphic-Programming\3D_Programming\Main.c(346,49): warning C4244: 'function': conversion from 'float' to 'int', possible loss of data
C:\Users\Alan_\OneDrive\Desktop\ALL\projects\3D-Graphic-Programming\3D_Programming\Main.c(346,75): warning C4244: 'function': conversion from 'float' to 'int', possible loss of data
C:\Users\Alan_\OneDrive\Desktop\ALL\projects\3D-Graphic-Programming\3D_Programming\Main.c(347,49): warning C4244: 'function': conversion from 'float' to 'int', possible loss of data
C:\Users\Alan_\OneDrive\Desktop\ALL\projects\3D-Graphic-Programming\3D_Programming\Main.c(347,75): warning C4244: 'function': conversion from 'float' to 'int', possible loss of data
C:\Users\Alan_\OneDrive\Desktop\ALL\projects\3D-Graphic-Programming\3D_Programming\Main.c(348,49): warning C4244: 'function': conversion from 'float' to 'int', possible loss of data
C:\Users\Alan_\OneDrive\Desktop\ALL\projects\3D-Graphic-Programming\3D_Programming\Main.c(348,75): warning C4244: 'function': conversion from 'float' to 'int', possible loss of data
C:\Users\Alan_\OneDrive\Desktop\ALL\projects\3D-Graphic-Programming\3D_Programming\Main.c(362,10): warning C4026: function declared with formal parameter list
  3D_Programming.vcxproj -> C:\Users\Alan_\OneDrive\Desktop\ALL\projects\3D-Graphic-Programming\x64\Debug\3D_Programming.exe
