c:\users\alan_\onedrive\desktop\all\projects\3d-graphic-programming\3d_programming\x64\debug\vc143.pdb
c:\users\alan_\onedrive\desktop\all\projects\3d-graphic-programming\3d_programming\x64\debug\vc143.idb
c:\users\alan_\onedrive\desktop\all\projects\3d-graphic-programming\3d_programming\x64\debug\vector.obj
c:\users\alan_\onedrive\desktop\all\projects\3d-graphic-programming\3d_programming\x64\debug\upng.obj
c:\users\alan_\onedrive\desktop\all\projects\3d-graphic-programming\3d_programming\x64\debug\triangle.obj
c:\users\alan_\onedrive\desktop\all\projects\3d-graphic-programming\3d_programming\x64\debug\texture.obj
c:\users\alan_\onedrive\desktop\all\projects\3d-graphic-programming\3d_programming\x64\debug\swap.obj
c:\users\alan_\onedrive\desktop\all\projects\3d-graphic-programming\3d_programming\x64\debug\mesh.obj
c:\users\alan_\onedrive\desktop\all\projects\3d-graphic-programming\3d_programming\x64\debug\matrix.obj
c:\users\alan_\onedrive\desktop\all\projects\3d-graphic-programming\3d_programming\x64\debug\main.obj
c:\users\alan_\onedrive\desktop\all\projects\3d-graphic-programming\3d_programming\x64\debug\light.obj
c:\users\alan_\onedrive\desktop\all\projects\3d-graphic-programming\3d_programming\x64\debug\display.obj
c:\users\alan_\onedrive\desktop\all\projects\3d-graphic-programming\3d_programming\x64\debug\array.obj
c:\users\alan_\onedrive\desktop\all\projects\3d-graphic-programming\x64\debug\3d_programming.pdb
c:\users\alan_\onedrive\desktop\all\projects\3d-graphic-programming\3d_programming\x64\debug\3d_programming.tlog\cl.command.1.tlog
c:\users\alan_\onedrive\desktop\all\projects\3d-graphic-programming\3d_programming\x64\debug\3d_programming.tlog\cl.read.1.tlog
c:\users\alan_\onedrive\desktop\all\projects\3d-graphic-programming\3d_programming\x64\debug\3d_programming.tlog\cl.write.1.tlog
c:\users\alan_\onedrive\desktop\all\projects\3d-graphic-programming\3d_programming\x64\debug\3d_programming.tlog\link.command.1.tlog
c:\users\alan_\onedrive\desktop\all\projects\3d-graphic-programming\3d_programming\x64\debug\3d_programming.tlog\link.read.1.tlog
c:\users\alan_\onedrive\desktop\all\projects\3d-graphic-programming\3d_programming\x64\debug\3d_programming.tlog\link.read.2.tlog
c:\users\alan_\onedrive\desktop\all\projects\3d-graphic-programming\3d_programming\x64\debug\3d_programming.tlog\link.read.3.tlog
c:\users\alan_\onedrive\desktop\all\projects\3d-graphic-programming\3d_programming\x64\debug\3d_programming.tlog\link.read.4.tlog
c:\users\alan_\onedrive\desktop\all\projects\3d-graphic-programming\3d_programming\x64\debug\3d_programming.tlog\link.write.1.tlog
